<testsuites  id="0" name="kiali molecule tests" tests="19" failures="0" time="4034">
  <testsuite id="0" name="kiali molecule tests" tests="19" failures="0" time="4034">
    <testcase id="accessible-namespaces-test" name="accessible-namespaces-test" classname="accessible-namespaces-test" time="340"></testcase>
    <testcase id="affinity-tolerations-resources-test" name="affinity-tolerations-resources-test" classname="affinity-tolerations-resources-test" time="179"></testcase>
    <testcase id="cluster-wide-access-test" name="cluster-wide-access-test" classname="cluster-wide-access-test" time="333"></testcase>
    <testcase id="config-values-test" name="config-values-test" classname="config-values-test" time="288"></testcase>
    <testcase id="containers-test" name="containers-test" classname="containers-test" time="262"></testcase>
    <testcase id="default-namespace-test" name="default-namespace-test" classname="default-namespace-test" time="118"></testcase>
    <testcase id="external-auth-rotation-test" name="external-auth-rotation-test" classname="external-auth-rotation-test" time="337"></testcase>
    <testcase id="grafana-test" name="grafana-test" classname="grafana-test" time="166"></testcase>
    <testcase id="header-auth-test" name="header-auth-test" classname="header-auth-test" time="114"></testcase>
    <testcase id="instance-name-test" name="instance-name-test" classname="instance-name-test" time="275"></testcase>
    <testcase id="jaeger-test" name="jaeger-test" classname="jaeger-test" time="228"></testcase>
    <testcase id="metrics-test" name="metrics-test" classname="metrics-test" time="238"></testcase>
    <testcase id="null-cr-values-test" name="null-cr-values-test" classname="null-cr-values-test" time="112"></testcase>
    <testcase id="only-view-only-mode-test" name="only-view-only-mode-test" classname="only-view-only-mode-test" time="143"></testcase>
    <testcase id="openid-test" name="openid-test" classname="openid-test" time="162"></testcase>
    <testcase id="remote-cluster-resources-test" name="remote-cluster-resources-test" classname="remote-cluster-resources-test" time="244"></testcase>
    <testcase id="roles-test" name="roles-test" classname="roles-test" time="215"></testcase>
    <testcase id="rolling-restart-test" name="rolling-restart-test" classname="rolling-restart-test" time="141"></testcase>
    <testcase id="token-test" name="token-test" classname="token-test" time="139"></testcase>
  </testsuite>
</testsuites>
