<testsuites  id="0" name="kiali molecule tests" tests="15" failures="1" time="3158">
  <testsuite id="0" name="kiali molecule tests" tests="15" failures="1" time="3158">
    <testcase id="accessible-namespaces-test" name="accessible-namespaces-test" classname="accessible-namespaces-test" time="521"></testcase>
    <testcase id="affinity-tolerations-resources-test" name="affinity-tolerations-resources-test" classname="affinity-tolerations-resources-test" time="205"></testcase>
    <testcase id="cluster-wide-access-test" name="cluster-wide-access-test" classname="cluster-wide-access-test" time="534"></testcase>
    <testcase id="config-values-test" name="config-values-test" classname="config-values-test" time="166">
      <failure type="error" message="For details, see /tmp/KIALI-GIT-KIND/kiali-molecule-test-logs/molecule-tests-2023-08-15_01-00-02/config-values-test.log"/>
    </testcase>
    <testcase id="default-namespace-test" name="default-namespace-test" classname="default-namespace-test" time="102"></testcase>
    <testcase id="grafana-test" name="grafana-test" classname="grafana-test" time="202"></testcase>
    <testcase id="instance-name-test" name="instance-name-test" classname="instance-name-test" time="129"></testcase>
    <testcase id="jaeger-test" name="jaeger-test" classname="jaeger-test" time="144"></testcase>
    <testcase id="metrics-test" name="metrics-test" classname="metrics-test" time="220"></testcase>
    <testcase id="null-cr-values-test" name="null-cr-values-test" classname="null-cr-values-test" time="89"></testcase>
    <testcase id="only-view-only-mode-test" name="only-view-only-mode-test" classname="only-view-only-mode-test" time="147"></testcase>
    <testcase id="read-certs-secrets-test" name="read-certs-secrets-test" classname="read-certs-secrets-test" time="91"></testcase>
    <testcase id="roles-test" name="roles-test" classname="roles-test" time="340"></testcase>
    <testcase id="rolling-restart-test" name="rolling-restart-test" classname="rolling-restart-test" time="150"></testcase>
    <testcase id="token-test" name="token-test" classname="token-test" time="118"></testcase>
  </testsuite>
</testsuites>
