<testsuites  id="0" name="kiali molecule tests" tests="20" failures="0" time="3979">
  <testsuite id="0" name="kiali molecule tests" tests="20" failures="0" time="3979">
    <testcase id="accessible-namespaces-test" name="accessible-namespaces-test" classname="accessible-namespaces-test" time="357"></testcase>
    <testcase id="affinity-tolerations-resources-test" name="affinity-tolerations-resources-test" classname="affinity-tolerations-resources-test" time="179"></testcase>
    <testcase id="api-test" name="api-test" classname="api-test" time="168"></testcase>
    <testcase id="cluster-wide-access-test" name="cluster-wide-access-test" classname="cluster-wide-access-test" time="325"></testcase>
    <testcase id="config-values-test" name="config-values-test" classname="config-values-test" time="276"></testcase>
    <testcase id="containers-test" name="containers-test" classname="containers-test" time="246"></testcase>
    <testcase id="default-namespace-test" name="default-namespace-test" classname="default-namespace-test" time="127"></testcase>
    <testcase id="external-auth-rotation-test" name="external-auth-rotation-test" classname="external-auth-rotation-test" time="338"></testcase>
    <testcase id="grafana-test" name="grafana-test" classname="grafana-test" time="163"></testcase>
    <testcase id="header-auth-test" name="header-auth-test" classname="header-auth-test" time="122"></testcase>
    <testcase id="instance-name-test" name="instance-name-test" classname="instance-name-test" time="148"></testcase>
    <testcase id="jaeger-test" name="jaeger-test" classname="jaeger-test" time="214"></testcase>
    <testcase id="metrics-test" name="metrics-test" classname="metrics-test" time="224"></testcase>
    <testcase id="null-cr-values-test" name="null-cr-values-test" classname="null-cr-values-test" time="116"></testcase>
    <testcase id="only-view-only-mode-test" name="only-view-only-mode-test" classname="only-view-only-mode-test" time="138"></testcase>
    <testcase id="openid-test" name="openid-test" classname="openid-test" time="169"></testcase>
    <testcase id="remote-cluster-resources-test" name="remote-cluster-resources-test" classname="remote-cluster-resources-test" time="204"></testcase>
    <testcase id="roles-test" name="roles-test" classname="roles-test" time="210"></testcase>
    <testcase id="rolling-restart-test" name="rolling-restart-test" classname="rolling-restart-test" time="128"></testcase>
    <testcase id="token-test" name="token-test" classname="token-test" time="127"></testcase>
  </testsuite>
</testsuites>
