/bin/bash: line 1: go: command not found
Pulling down latest helm-charts from remote repo to here: /tmp/KIALI-GIT/helm-charts
Git repo for the helm charts is found here: /tmp/KIALI-GIT/helm-charts
make[1]: Entering directory '/tmp/KIALI-GIT/helm-charts'
Will use this helm executable: /tmp/KIALI-GIT/helm-charts/_output/helm-install/helm
Building Helm Chart for Kiali operator
==> Linting /tmp/KIALI-GIT/helm-charts/_output/charts/kiali-operator

1 chart(s) linted, 0 chart(s) failed
Successfully packaged chart and saved it to: /tmp/KIALI-GIT/helm-charts/_output/charts/kiali-operator-1.82.0-SNAPSHOT.tgz
make[1]: Leaving directory '/tmp/KIALI-GIT/helm-charts'
OCP repos: external=[default-route-openshift-image-registry.apps.ocp4.local] internal=[image-registry.openshift-image-registry.svc:5000]

Will auto-detect hosts to add based on the CLUSTER_REPO: default-route-openshift-image-registry.apps.ocp4.local
Auto-detected add host args: --add-host=kiali-istio-system.apps.ocp4.local:192.168.122.2 --add-host=prometheus-istio-system.apps.ocp4.local:192.168.122.2 --add-host=api.ocp4.local:192.168.122.2 --add-host=oauth-openshift.apps.ocp4.local:192.168.122.2
Will not rebuild kiali-molecule image.
podman volume exists molecule-tests-volume && echo "Podman volume already exists; deleting it" && podman volume rm molecule-tests-volume || true
podman volume create molecule-tests-volume
molecule-tests-volume
podman create -v molecule-tests-volume:/data --name molecule-volume-helper docker.io/busybox true
692aac70b813fcea335ac4ece14688451a47ef20afc12eba740173e30c20fb2b
podman cp "/tmp/KIALI-GIT/helm-charts" molecule-volume-helper:/data/helm-charts-repo
podman cp "/tmp/KIALI-GIT/kiali/operator/" molecule-volume-helper:/data/operator
podman cp "/home/jmazzite/.kube/config" molecule-volume-helper:/data/kubeconfig
podman rm molecule-volume-helper
molecule-volume-helper
for msn in read-certs-secrets-test; do podman run --rm  --env KUBECONFIG="/tmp/molecule/kubeconfig" --env K8S_AUTH_KUBECONFIG="/tmp/molecule/kubeconfig" --env MOLECULE_CLUSTER_TYPE="openshift" --env MOLECULE_HELM_CHARTS_REPO=/tmp/molecule/helm-charts-repo -v molecule-tests-volume:/tmp/molecule    -w /tmp/molecule/operator --network="host" --add-host=kiali-istio-system.apps.ocp4.local:192.168.122.2 --add-host=prometheus-istio-system.apps.ocp4.local:192.168.122.2 --add-host=api.ocp4.local:192.168.122.2 --add-host=oauth-openshift.apps.ocp4.local:192.168.122.2 --add-host="api.crc.testing:192.168.130.11" --add-host="kiali-istio-system.apps-crc.testing:192.168.130.11" --add-host="prometheus-istio-system.apps-crc.testing:192.168.130.11" --env DORP=podman --env OPERATOR_IMAGE_PULL_SECRET_NAME=kiali-operator-pull-secret --env MOLECULE_KIALI_CR_SPEC_VERSION=default --env PLUGIN_IMAGE_PULL_SECRET_JSON="" --env MOLECULE_OSSMCONSOLE_CR_SPEC_VERSION="default"  --env MOLECULE_OPERATOR_PROFILER_ENABLED=true --env MOLECULE_OPERATOR_INSTALLER=helm --env MOLECULE_DUMP_LOGS_ON_ERROR=true  --env MOLECULE_WAIT_RETRIES=360 localhost/kiali-molecule:latest molecule --debug test  --scenario-name ${msn}; if [ "$?" != "0" ]; then echo "Molecule test failed: ${msn}"; podman volume rm molecule-tests-volume; exit 1; fi; done
DEBUG    Validating schema /tmp/molecule/operator/molecule/read-certs-secrets-test/molecule.yml.
WARNING  Driver podman does not provide a schema.
INFO     read-certs-secrets-test scenario test matrix: prepare, converge, destroy
INFO     Performing prerun with role_name_check=0...
INFO     Running ansible-galaxy collection install -v -r requirements.yml
ERROR    Starting galaxy collection install process
Process install dependency map

ERROR    No config file found; using defaults
[WARNING]: Collection redhatinsights.insights does not support Ansible version
2.15.3
ERROR! Error when getting the collection info for operator_sdk.util from default (https://galaxy.ansible.com/api/) (HTTP Code: 500, Message: Internal Server Error Code: Unknown)

Traceback (most recent call last):
  File "/usr/local/bin/molecule", line 8, in <module>
    sys.exit(main())
             ^^^^^^
  File "/usr/local/lib/python3.11/site-packages/click/core.py", line 1157, in __call__
    return self.main(*args, **kwargs)
           ^^^^^^^^^^^^^^^^^^^^^^^^^^
  File "/usr/local/lib/python3.11/site-packages/click/core.py", line 1078, in main
    rv = self.invoke(ctx)
         ^^^^^^^^^^^^^^^^
  File "/usr/local/lib/python3.11/site-packages/click/core.py", line 1688, in invoke
    return _process_result(sub_ctx.command.invoke(sub_ctx))
                           ^^^^^^^^^^^^^^^^^^^^^^^^^^^^^^^
  File "/usr/local/lib/python3.11/site-packages/click/core.py", line 1434, in invoke
    return ctx.invoke(self.callback, **ctx.params)
           ^^^^^^^^^^^^^^^^^^^^^^^^^^^^^^^^^^^^^^^
  File "/usr/local/lib/python3.11/site-packages/click/core.py", line 783, in invoke
    return __callback(*args, **kwargs)
           ^^^^^^^^^^^^^^^^^^^^^^^^^^^
  File "/usr/local/lib/python3.11/site-packages/click/decorators.py", line 33, in new_func
    return f(get_current_context(), *args, **kwargs)
           ^^^^^^^^^^^^^^^^^^^^^^^^^^^^^^^^^^^^^^^^^
  File "/usr/local/lib/python3.11/site-packages/molecule/command/test.py", line 113, in test
    base.execute_cmdline_scenarios(scenario_name, args, command_args, ansible_args)
  File "/usr/local/lib/python3.11/site-packages/molecule/command/base.py", line 113, in execute_cmdline_scenarios
    scenario.config.runtime.prepare_environment(
  File "/usr/local/lib/python3.11/site-packages/ansible_compat/runtime.py", line 609, in prepare_environment
    self.install_requirements(Path(req_file), retry=retry, offline=offline)
  File "/usr/local/lib/python3.11/site-packages/ansible_compat/runtime.py", line 588, in install_requirements
    raise AnsibleCommandError(result)
ansible_compat.errors.AnsibleCommandError: Got 1 exit code while running: ansible-galaxy collection install -v -r requirements.yml
Molecule test failed: read-certs-secrets-test
molecule-tests-volume
make: *** [make/Makefile.molecule.mk:186: molecule-test] Error 1
