<testsuites  id="0" name="kiali molecule tests" tests="23" failures="0" time="13871">
  <testsuite id="0" name="kiali molecule tests" tests="23" failures="0" time="13871">
    <testcase id="accessible-namespaces-test" name="accessible-namespaces-test" classname="accessible-namespaces-test" time="1050"></testcase>
    <testcase id="affinity-tolerations-resources-test" name="affinity-tolerations-resources-test" classname="affinity-tolerations-resources-test" time="454"></testcase>
    <testcase id="api-test" name="api-test" classname="api-test" time="477"></testcase>
    <testcase id="cluster-wide-access-test" name="cluster-wide-access-test" classname="cluster-wide-access-test" time="1118"></testcase>
    <testcase id="config-values-test" name="config-values-test" classname="config-values-test" time="624"></testcase>
    <testcase id="containers-test" name="containers-test" classname="containers-test" time="568"></testcase>
    <testcase id="default-namespace-test" name="default-namespace-test" classname="default-namespace-test" time="268"></testcase>
    <testcase id="external-auth-rotation-test" name="external-auth-rotation-test" classname="external-auth-rotation-test" time="617"></testcase>
    <testcase id="grafana-test" name="grafana-test" classname="grafana-test" time="454"></testcase>
    <testcase id="instance-name-test" name="instance-name-test" classname="instance-name-test" time="514"></testcase>
    <testcase id="jaeger-test" name="jaeger-test" classname="jaeger-test" time="558"></testcase>
    <testcase id="metrics-test" name="metrics-test" classname="metrics-test" time="592"></testcase>
    <testcase id="null-cr-values-test" name="null-cr-values-test" classname="null-cr-values-test" time="251"></testcase>
    <testcase id="only-view-only-mode-test" name="only-view-only-mode-test" classname="only-view-only-mode-test" time="348"></testcase>
    <testcase id="openid-openshift-test" name="openid-openshift-test" classname="openid-openshift-test" time="1002"></testcase>
    <testcase id="os-console-links-test" name="os-console-links-test" classname="os-console-links-test" time="743"></testcase>
    <testcase id="ossmconsole-config-values-test" name="ossmconsole-config-values-test" classname="ossmconsole-config-values-test" time="518"></testcase>
    <testcase id="ossmconsole-lite-test" name="ossmconsole-lite-test" classname="ossmconsole-lite-test" time="715"></testcase>
    <testcase id="remote-cluster-resources-test" name="remote-cluster-resources-test" classname="remote-cluster-resources-test" time="1204"></testcase>
    <testcase id="roles-test" name="roles-test" classname="roles-test" time="669"></testcase>
    <testcase id="rolling-restart-test" name="rolling-restart-test" classname="rolling-restart-test" time="373"></testcase>
    <testcase id="tls-profile-test" name="tls-profile-test" classname="tls-profile-test" time="449"></testcase>
    <testcase id="token-test" name="token-test" classname="token-test" time="305"></testcase>
  </testsuite>
</testsuites>
